{"C:\\Users\\dylan\\Desktop\\software_professional\\trivia_app\\client\\src\\components\\Loading.js": {"path":"C:\\Users\\dylan\\Desktop\\software_professional\\trivia_app\\client\\src\\components\\Loading.js","statementMap":{"0":{"start":{"line":5,"column":18},"end":{"line":12,"column":2}},"1":{"start":{"line":15,"column":17},"end":{"line":15,"column":28}},"2":{"start":{"line":16,"column":33},"end":{"line":16,"column":44}},"3":{"start":{"line":18,"column":1},"end":{"line":32,"column":8}},"4":{"start":{"line":19,"column":16},"end":{"line":27,"column":9}},"5":{"start":{"line":20,"column":3},"end":{"line":26,"column":6}},"6":{"start":{"line":21,"column":4},"end":{"line":23,"column":5}},"7":{"start":{"line":22,"column":5},"end":{"line":22,"column":14}},"8":{"start":{"line":24,"column":17},"end":{"line":24,"column":35}},"9":{"start":{"line":25,"column":4},"end":{"line":25,"column":45}},"10":{"start":{"line":29,"column":2},"end":{"line":31,"column":4}},"11":{"start":{"line":30,"column":3},"end":{"line":30,"column":24}},"12":{"start":{"line":34,"column":1},"end":{"line":38,"column":3}}},"fnMap":{"0":{"name":"Loading","decl":{"start":{"line":14,"column":24},"end":{"line":14,"column":31}},"loc":{"start":{"line":14,"column":34},"end":{"line":39,"column":1}},"line":14},"1":{"name":"(anonymous_1)","decl":{"start":{"line":18,"column":11},"end":{"line":18,"column":12}},"loc":{"start":{"line":18,"column":17},"end":{"line":32,"column":2}},"line":18},"2":{"name":"(anonymous_2)","decl":{"start":{"line":19,"column":28},"end":{"line":19,"column":29}},"loc":{"start":{"line":19,"column":34},"end":{"line":27,"column":3}},"line":19},"3":{"name":"(anonymous_3)","decl":{"start":{"line":20,"column":15},"end":{"line":20,"column":16}},"loc":{"start":{"line":20,"column":30},"end":{"line":26,"column":4}},"line":20},"4":{"name":"(anonymous_4)","decl":{"start":{"line":29,"column":9},"end":{"line":29,"column":10}},"loc":{"start":{"line":29,"column":15},"end":{"line":31,"column":3}},"line":29}},"branchMap":{"0":{"loc":{"start":{"line":21,"column":4},"end":{"line":23,"column":5}},"type":"if","locations":[{"start":{"line":21,"column":4},"end":{"line":23,"column":5}},{"start":{"line":21,"column":4},"end":{"line":23,"column":5}}],"line":21}},"s":{"0":1,"1":0,"2":0,"3":0,"4":0,"5":0,"6":0,"7":0,"8":0,"9":0,"10":0,"11":0,"12":0},"f":{"0":0,"1":0,"2":0,"3":0,"4":0},"b":{"0":[0,0]},"_coverageSchema":"1a1c01bbd47fc00a2c39e90264f33305004495a9","hash":"b31e5708638db51609ad26c19cdc36da88777669"}
,"C:\\Users\\dylan\\Desktop\\software_professional\\trivia_app\\client\\src\\components\\Trivia\\CreateTrivia.js": {"path":"C:\\Users\\dylan\\Desktop\\software_professional\\trivia_app\\client\\src\\components\\Trivia\\CreateTrivia.js","statementMap":{"0":{"start":{"line":18,"column":18},"end":{"line":29,"column":3}},"1":{"start":{"line":18,"column":39},"end":{"line":29,"column":1}},"2":{"start":{"line":31,"column":18},"end":{"line":33,"column":2}},"3":{"start":{"line":36,"column":46},"end":{"line":36,"column":51}},"4":{"start":{"line":38,"column":1},"end":{"line":52,"column":3}},"5":{"start":{"line":56,"column":1},"end":{"line":59,"column":3}},"6":{"start":{"line":62,"column":21},"end":{"line":82,"column":1}},"7":{"start":{"line":63,"column":17},"end":{"line":63,"column":28}},"8":{"start":{"line":64,"column":27},"end":{"line":64,"column":38}},"9":{"start":{"line":66,"column":22},"end":{"line":68,"column":2}},"10":{"start":{"line":67,"column":2},"end":{"line":67,"column":21}},"11":{"start":{"line":77,"column":1},"end":{"line":81,"column":3}}},"fnMap":{"0":{"name":"(anonymous_0)","decl":{"start":{"line":18,"column":29},"end":{"line":18,"column":30}},"loc":{"start":{"line":18,"column":39},"end":{"line":29,"column":1}},"line":18},"1":{"name":"TabPanel","decl":{"start":{"line":35,"column":9},"end":{"line":35,"column":17}},"loc":{"start":{"line":35,"column":25},"end":{"line":53,"column":1}},"line":35},"2":{"name":"a11yProps","decl":{"start":{"line":55,"column":9},"end":{"line":55,"column":18}},"loc":{"start":{"line":55,"column":26},"end":{"line":60,"column":1}},"line":55},"3":{"name":"(anonymous_3)","decl":{"start":{"line":62,"column":21},"end":{"line":62,"column":22}},"loc":{"start":{"line":62,"column":27},"end":{"line":82,"column":1}},"line":62},"4":{"name":"(anonymous_4)","decl":{"start":{"line":66,"column":22},"end":{"line":66,"column":23}},"loc":{"start":{"line":66,"column":43},"end":{"line":68,"column":2}},"line":66}},"branchMap":{"0":{"loc":{"start":{"line":46,"column":4},"end":{"line":50,"column":4}},"type":"binary-expr","locations":[{"start":{"line":46,"column":4},"end":{"line":46,"column":19}},{"start":{"line":47,"column":4},"end":{"line":49,"column":10}}],"line":46}},"s":{"0":1,"1":1,"2":1,"3":0,"4":0,"5":0,"6":1,"7":1,"8":1,"9":1,"10":0,"11":1},"f":{"0":1,"1":0,"2":0,"3":1,"4":0},"b":{"0":[0,0]},"_coverageSchema":"1a1c01bbd47fc00a2c39e90264f33305004495a9","hash":"9b09e685fa8d4c4156f9594277eba54158741ba5"}
,"C:\\Users\\dylan\\Desktop\\software_professional\\trivia_app\\client\\src\\components\\Trivia\\ViewTrivias\\ViewTrivias.js": {"path":"C:\\Users\\dylan\\Desktop\\software_professional\\trivia_app\\client\\src\\components\\Trivia\\ViewTrivias\\ViewTrivias.js","statementMap":{"0":{"start":{"line":49,"column":18},"end":{"line":60,"column":2}},"1":{"start":{"line":62,"column":19},"end":{"line":66,"column":2}},"2":{"start":{"line":68,"column":29},"end":{"line":72,"column":2}},"3":{"start":{"line":74,"column":25},"end":{"line":79,"column":2}},"4":{"start":{"line":81,"column":24},"end":{"line":87,"column":2}},"5":{"start":{"line":89,"column":20},"end":{"line":434,"column":1}},"6":{"start":{"line":90,"column":17},"end":{"line":90,"column":28}},"7":{"start":{"line":91,"column":18},"end":{"line":91,"column":31}},"8":{"start":{"line":92,"column":18},"end":{"line":92,"column":57}},"9":{"start":{"line":92,"column":39},"end":{"line":92,"column":56}},"10":{"start":{"line":93,"column":20},"end":{"line":93,"column":58}},"11":{"start":{"line":93,"column":41},"end":{"line":93,"column":57}},"12":{"start":{"line":95,"column":31},"end":{"line":95,"column":45}},"13":{"start":{"line":97,"column":51},"end":{"line":97,"column":63}},"14":{"start":{"line":98,"column":49},"end":{"line":98,"column":85}},"15":{"start":{"line":100,"column":53},"end":{"line":100,"column":65}},"16":{"start":{"line":101,"column":41},"end":{"line":101,"column":76}},"17":{"start":{"line":103,"column":37},"end":{"line":103,"column":52}},"18":{"start":{"line":104,"column":45},"end":{"line":104,"column":60}},"19":{"start":{"line":105,"column":49},"end":{"line":105,"column":64}},"20":{"start":{"line":107,"column":49},"end":{"line":107,"column":64}},"21":{"start":{"line":108,"column":57},"end":{"line":108,"column":72}},"22":{"start":{"line":110,"column":1},"end":{"line":112,"column":16}},"23":{"start":{"line":111,"column":2},"end":{"line":111,"column":30}},"24":{"start":{"line":114,"column":26},"end":{"line":116,"column":2}},"25":{"start":{"line":115,"column":2},"end":{"line":115,"column":26}},"26":{"start":{"line":118,"column":31},"end":{"line":121,"column":2}},"27":{"start":{"line":119,"column":2},"end":{"line":119,"column":23}},"28":{"start":{"line":120,"column":2},"end":{"line":120,"column":27}},"29":{"start":{"line":123,"column":25},"end":{"line":125,"column":2}},"30":{"start":{"line":124,"column":2},"end":{"line":124,"column":28}},"31":{"start":{"line":127,"column":33},"end":{"line":129,"column":2}},"32":{"start":{"line":128,"column":2},"end":{"line":128,"column":29}},"33":{"start":{"line":131,"column":35},"end":{"line":133,"column":2}},"34":{"start":{"line":132,"column":2},"end":{"line":132,"column":41}},"35":{"start":{"line":135,"column":40},"end":{"line":137,"column":2}},"36":{"start":{"line":136,"column":2},"end":{"line":136,"column":49}},"37":{"start":{"line":139,"column":23},"end":{"line":149,"column":2}},"38":{"start":{"line":140,"column":10},"end":{"line":140,"column":34}},"39":{"start":{"line":142,"column":13},"end":{"line":142,"column":73}},"40":{"start":{"line":143,"column":13},"end":{"line":143,"column":72}},"41":{"start":{"line":144,"column":13},"end":{"line":144,"column":72}},"42":{"start":{"line":146,"column":13},"end":{"line":146,"column":32}},"43":{"start":{"line":148,"column":2},"end":{"line":148,"column":14}},"44":{"start":{"line":151,"column":23},"end":{"line":223,"column":2}},"45":{"start":{"line":152,"column":2},"end":{"line":222,"column":8}},"46":{"start":{"line":183,"column":8},"end":{"line":183,"column":46}},"47":{"start":{"line":191,"column":7},"end":{"line":193,"column":8}},"48":{"start":{"line":192,"column":8},"end":{"line":192,"column":48}},"49":{"start":{"line":194,"column":7},"end":{"line":194,"column":27}},"50":{"start":{"line":213,"column":7},"end":{"line":213,"column":31}},"51":{"start":{"line":225,"column":31},"end":{"line":290,"column":2}},"52":{"start":{"line":226,"column":2},"end":{"line":289,"column":8}},"53":{"start":{"line":245,"column":21},"end":{"line":245,"column":57}},"54":{"start":{"line":256,"column":7},"end":{"line":280,"column":8}},"55":{"start":{"line":257,"column":8},"end":{"line":260,"column":11}},"56":{"start":{"line":261,"column":14},"end":{"line":280,"column":8}},"57":{"start":{"line":262,"column":8},"end":{"line":265,"column":11}},"58":{"start":{"line":267,"column":8},"end":{"line":267,"column":56}},"59":{"start":{"line":268,"column":8},"end":{"line":273,"column":10}},"60":{"start":{"line":274,"column":8},"end":{"line":274,"column":34}},"61":{"start":{"line":275,"column":8},"end":{"line":278,"column":11}},"62":{"start":{"line":279,"column":8},"end":{"line":279,"column":25}},"63":{"start":{"line":292,"column":28},"end":{"line":317,"column":2}},"64":{"start":{"line":293,"column":14},"end":{"line":293,"column":15}},"65":{"start":{"line":294,"column":2},"end":{"line":316,"column":4}},"66":{"start":{"line":306,"column":7},"end":{"line":311,"column":18}},"67":{"start":{"line":319,"column":27},"end":{"line":348,"column":2}},"68":{"start":{"line":320,"column":14},"end":{"line":320,"column":15}},"69":{"start":{"line":322,"column":2},"end":{"line":347,"column":4}},"70":{"start":{"line":334,"column":7},"end":{"line":342,"column":18}},"71":{"start":{"line":350,"column":23},"end":{"line":418,"column":2}},"72":{"start":{"line":351,"column":10},"end":{"line":351,"column":11}},"73":{"start":{"line":353,"column":15},"end":{"line":353,"column":20}},"74":{"start":{"line":355,"column":14},"end":{"line":355,"column":17}},"75":{"start":{"line":356,"column":2},"end":{"line":417,"column":4}},"76":{"start":{"line":359,"column":5},"end":{"line":414,"column":12}},"77":{"start":{"line":402,"column":12},"end":{"line":402,"column":71}},"78":{"start":{"line":403,"column":12},"end":{"line":403,"column":31}},"79":{"start":{"line":420,"column":1},"end":{"line":433,"column":3}}},"fnMap":{"0":{"name":"(anonymous_0)","decl":{"start":{"line":89,"column":20},"end":{"line":89,"column":21}},"loc":{"start":{"line":89,"column":26},"end":{"line":434,"column":1}},"line":89},"1":{"name":"(anonymous_1)","decl":{"start":{"line":92,"column":30},"end":{"line":92,"column":31}},"loc":{"start":{"line":92,"column":39},"end":{"line":92,"column":56}},"line":92},"2":{"name":"(anonymous_2)","decl":{"start":{"line":93,"column":32},"end":{"line":93,"column":33}},"loc":{"start":{"line":93,"column":41},"end":{"line":93,"column":57}},"line":93},"3":{"name":"(anonymous_3)","decl":{"start":{"line":110,"column":11},"end":{"line":110,"column":12}},"loc":{"start":{"line":110,"column":17},"end":{"line":112,"column":2}},"line":110},"4":{"name":"(anonymous_4)","decl":{"start":{"line":114,"column":26},"end":{"line":114,"column":27}},"loc":{"start":{"line":114,"column":32},"end":{"line":116,"column":2}},"line":114},"5":{"name":"(anonymous_5)","decl":{"start":{"line":118,"column":31},"end":{"line":118,"column":32}},"loc":{"start":{"line":118,"column":37},"end":{"line":121,"column":2}},"line":118},"6":{"name":"(anonymous_6)","decl":{"start":{"line":123,"column":25},"end":{"line":123,"column":26}},"loc":{"start":{"line":123,"column":31},"end":{"line":125,"column":2}},"line":123},"7":{"name":"(anonymous_7)","decl":{"start":{"line":127,"column":33},"end":{"line":127,"column":34}},"loc":{"start":{"line":127,"column":39},"end":{"line":129,"column":2}},"line":127},"8":{"name":"(anonymous_8)","decl":{"start":{"line":131,"column":35},"end":{"line":131,"column":36}},"loc":{"start":{"line":131,"column":41},"end":{"line":133,"column":2}},"line":131},"9":{"name":"(anonymous_9)","decl":{"start":{"line":135,"column":40},"end":{"line":135,"column":41}},"loc":{"start":{"line":135,"column":46},"end":{"line":137,"column":2}},"line":135},"10":{"name":"(anonymous_10)","decl":{"start":{"line":139,"column":23},"end":{"line":139,"column":24}},"loc":{"start":{"line":139,"column":41},"end":{"line":149,"column":2}},"line":139},"11":{"name":"(anonymous_11)","decl":{"start":{"line":151,"column":23},"end":{"line":151,"column":24}},"loc":{"start":{"line":152,"column":2},"end":{"line":222,"column":8}},"line":152},"12":{"name":"(anonymous_12)","decl":{"start":{"line":182,"column":17},"end":{"line":182,"column":18}},"loc":{"start":{"line":182,"column":22},"end":{"line":184,"column":8}},"line":182},"13":{"name":"(anonymous_13)","decl":{"start":{"line":190,"column":15},"end":{"line":190,"column":16}},"loc":{"start":{"line":190,"column":21},"end":{"line":195,"column":7}},"line":190},"14":{"name":"(anonymous_14)","decl":{"start":{"line":212,"column":15},"end":{"line":212,"column":16}},"loc":{"start":{"line":212,"column":21},"end":{"line":215,"column":7}},"line":212},"15":{"name":"(anonymous_15)","decl":{"start":{"line":225,"column":31},"end":{"line":225,"column":32}},"loc":{"start":{"line":226,"column":2},"end":{"line":289,"column":8}},"line":226},"16":{"name":"(anonymous_16)","decl":{"start":{"line":245,"column":16},"end":{"line":245,"column":17}},"loc":{"start":{"line":245,"column":21},"end":{"line":245,"column":57}},"line":245},"17":{"name":"(anonymous_17)","decl":{"start":{"line":255,"column":15},"end":{"line":255,"column":16}},"loc":{"start":{"line":255,"column":27},"end":{"line":282,"column":7}},"line":255},"18":{"name":"(anonymous_18)","decl":{"start":{"line":292,"column":28},"end":{"line":292,"column":29}},"loc":{"start":{"line":292,"column":40},"end":{"line":317,"column":2}},"line":292},"19":{"name":"(anonymous_19)","decl":{"start":{"line":305,"column":20},"end":{"line":305,"column":21}},"loc":{"start":{"line":306,"column":7},"end":{"line":311,"column":18}},"line":306},"20":{"name":"(anonymous_20)","decl":{"start":{"line":319,"column":27},"end":{"line":319,"column":28}},"loc":{"start":{"line":319,"column":44},"end":{"line":348,"column":2}},"line":319},"21":{"name":"(anonymous_21)","decl":{"start":{"line":333,"column":25},"end":{"line":333,"column":26}},"loc":{"start":{"line":334,"column":7},"end":{"line":342,"column":18}},"line":334},"22":{"name":"(anonymous_22)","decl":{"start":{"line":350,"column":23},"end":{"line":350,"column":24}},"loc":{"start":{"line":350,"column":29},"end":{"line":418,"column":2}},"line":350},"23":{"name":"(anonymous_23)","decl":{"start":{"line":358,"column":20},"end":{"line":358,"column":21}},"loc":{"start":{"line":359,"column":5},"end":{"line":414,"column":12}},"line":359},"24":{"name":"(anonymous_24)","decl":{"start":{"line":401,"column":20},"end":{"line":401,"column":21}},"loc":{"start":{"line":401,"column":26},"end":{"line":404,"column":12}},"line":401}},"branchMap":{"0":{"loc":{"start":{"line":172,"column":6},"end":{"line":186,"column":13}},"type":"cond-expr","locations":[{"start":{"line":173,"column":6},"end":{"line":185,"column":8}},{"start":{"line":186,"column":9},"end":{"line":186,"column":13}}],"line":172},"1":{"loc":{"start":{"line":191,"column":7},"end":{"line":193,"column":8}},"type":"if","locations":[{"start":{"line":191,"column":7},"end":{"line":193,"column":8}},{"start":{"line":191,"column":7},"end":{"line":193,"column":8}}],"line":191},"2":{"loc":{"start":{"line":191,"column":11},"end":{"line":191,"column":67}},"type":"binary-expr","locations":[{"start":{"line":191,"column":11},"end":{"line":191,"column":22}},{"start":{"line":191,"column":26},"end":{"line":191,"column":67}}],"line":191},"3":{"loc":{"start":{"line":199,"column":7},"end":{"line":203,"column":15}},"type":"cond-expr","locations":[{"start":{"line":200,"column":10},"end":{"line":200,"column":15}},{"start":{"line":201,"column":10},"end":{"line":203,"column":15}}],"line":199},"4":{"loc":{"start":{"line":201,"column":10},"end":{"line":203,"column":15}},"type":"cond-expr","locations":[{"start":{"line":202,"column":10},"end":{"line":202,"column":14}},{"start":{"line":203,"column":10},"end":{"line":203,"column":15}}],"line":201},"5":{"loc":{"start":{"line":201,"column":10},"end":{"line":201,"column":65}},"type":"binary-expr","locations":[{"start":{"line":201,"column":10},"end":{"line":201,"column":20}},{"start":{"line":201,"column":24},"end":{"line":201,"column":65}}],"line":201},"6":{"loc":{"start":{"line":206,"column":7},"end":{"line":206,"column":49}},"type":"cond-expr","locations":[{"start":{"line":206,"column":20},"end":{"line":206,"column":38}},{"start":{"line":206,"column":41},"end":{"line":206,"column":49}}],"line":206},"7":{"loc":{"start":{"line":237,"column":18},"end":{"line":237,"column":69}},"type":"cond-expr","locations":[{"start":{"line":237,"column":44},"end":{"line":237,"column":64}},{"start":{"line":237,"column":67},"end":{"line":237,"column":69}}],"line":237},"8":{"loc":{"start":{"line":256,"column":7},"end":{"line":280,"column":8}},"type":"if","locations":[{"start":{"line":256,"column":7},"end":{"line":280,"column":8}},{"start":{"line":256,"column":7},"end":{"line":280,"column":8}}],"line":256},"9":{"loc":{"start":{"line":261,"column":14},"end":{"line":280,"column":8}},"type":"if","locations":[{"start":{"line":261,"column":14},"end":{"line":280,"column":8}},{"start":{"line":261,"column":14},"end":{"line":280,"column":8}}],"line":261},"10":{"loc":{"start":{"line":301,"column":6},"end":{"line":301,"column":54}},"type":"cond-expr","locations":[{"start":{"line":301,"column":23},"end":{"line":301,"column":37}},{"start":{"line":301,"column":40},"end":{"line":301,"column":54}}],"line":301},"11":{"loc":{"start":{"line":329,"column":6},"end":{"line":329,"column":58}},"type":"cond-expr","locations":[{"start":{"line":329,"column":27},"end":{"line":329,"column":41}},{"start":{"line":329,"column":44},"end":{"line":329,"column":58}}],"line":329}},"s":{"0":1,"1":1,"2":1,"3":1,"4":1,"5":1,"6":3,"7":2,"8":2,"9":8,"10":2,"11":8,"12":2,"13":2,"14":2,"15":2,"16":2,"17":2,"18":2,"19":2,"20":2,"21":2,"22":2,"23":2,"24":2,"25":0,"26":2,"27":0,"28":0,"29":2,"30":0,"31":2,"32":0,"33":2,"34":0,"35":2,"36":0,"37":2,"38":8,"39":8,"40":8,"41":8,"42":8,"43":8,"44":2,"45":2,"46":0,"47":0,"48":0,"49":0,"50":0,"51":2,"52":2,"53":0,"54":0,"55":0,"56":0,"57":0,"58":0,"59":0,"60":0,"61":0,"62":0,"63":2,"64":8,"65":8,"66":64,"67":2,"68":0,"69":0,"70":0,"71":2,"72":2,"73":2,"74":2,"75":2,"76":8,"77":0,"78":0,"79":2},"f":{"0":3,"1":8,"2":8,"3":2,"4":0,"5":0,"6":0,"7":0,"8":0,"9":0,"10":8,"11":2,"12":0,"13":0,"14":0,"15":2,"16":0,"17":0,"18":8,"19":64,"20":0,"21":0,"22":2,"23":8,"24":0},"b":{"0":[0,2],"1":[0,0],"2":[0,0],"3":[2,0],"4":[0,0],"5":[0,0],"6":[0,2],"7":[0,2],"8":[0,0],"9":[0,0],"10":[0,8],"11":[0,0]},"_coverageSchema":"1a1c01bbd47fc00a2c39e90264f33305004495a9","hash":"b2542d65cdb6e2f617ffe42d1f78043ecaef8d4b"}
,"C:\\Users\\dylan\\Desktop\\software_professional\\trivia_app\\client\\src\\reducers\\triviaReducer.js": {"path":"C:\\Users\\dylan\\Desktop\\software_professional\\trivia_app\\client\\src\\reducers\\triviaReducer.js","statementMap":{"0":{"start":{"line":54,"column":27},"end":{"line":54,"column":33}},"1":{"start":{"line":56,"column":1},"end":{"line":63,"column":2}},"2":{"start":{"line":58,"column":3},"end":{"line":58,"column":18}},"3":{"start":{"line":60,"column":3},"end":{"line":60,"column":30}},"4":{"start":{"line":62,"column":3},"end":{"line":62,"column":16}}},"fnMap":{"0":{"name":"triviaReducer","decl":{"start":{"line":53,"column":24},"end":{"line":53,"column":37}},"loc":{"start":{"line":53,"column":58},"end":{"line":64,"column":1}},"line":53}},"branchMap":{"0":{"loc":{"start":{"line":53,"column":38},"end":{"line":53,"column":48}},"type":"default-arg","locations":[{"start":{"line":53,"column":46},"end":{"line":53,"column":48}}],"line":53},"1":{"loc":{"start":{"line":56,"column":1},"end":{"line":63,"column":2}},"type":"switch","locations":[{"start":{"line":57,"column":2},"end":{"line":58,"column":18}},{"start":{"line":59,"column":2},"end":{"line":60,"column":30}},{"start":{"line":61,"column":2},"end":{"line":62,"column":16}}],"line":56}},"s":{"0":11,"1":11,"2":0,"3":0,"4":11},"f":{"0":11},"b":{"0":[7],"1":[0,0,11]},"_coverageSchema":"1a1c01bbd47fc00a2c39e90264f33305004495a9","hash":"91c9dbc3afd55f6a4cbeebd5fc9a4de051a72ab4"}
,"C:\\Users\\dylan\\Desktop\\software_professional\\trivia_app\\client\\src\\tests\\test.utils.js": {"path":"C:\\Users\\dylan\\Desktop\\software_professional\\trivia_app\\client\\src\\tests\\test.utils.js","statementMap":{"0":{"start":{"line":9,"column":14},"end":{"line":15,"column":1}},"1":{"start":{"line":9,"column":42},"end":{"line":15,"column":1}},"2":{"start":{"line":9,"column":50},"end":{"line":15,"column":1}},"3":{"start":{"line":10,"column":1},"end":{"line":12,"column":2}},"4":{"start":{"line":11,"column":2},"end":{"line":11,"column":36}},"5":{"start":{"line":14,"column":1},"end":{"line":14,"column":21}},"6":{"start":{"line":26,"column":2},"end":{"line":26,"column":55}},"7":{"start":{"line":28,"column":1},"end":{"line":28,"column":62}},"8":{"start":{"line":38,"column":22},"end":{"line":48,"column":1}},"9":{"start":{"line":39,"column":15},"end":{"line":42,"column":2}},"10":{"start":{"line":40,"column":27},"end":{"line":40,"column":29}},"11":{"start":{"line":43,"column":14},"end":{"line":43,"column":23}},"12":{"start":{"line":45,"column":16},"end":{"line":45,"column":52}},"13":{"start":{"line":45,"column":26},"end":{"line":45,"column":52}},"14":{"start":{"line":47,"column":1},"end":{"line":47,"column":32}}},"fnMap":{"0":{"name":"(anonymous_0)","decl":{"start":{"line":9,"column":14},"end":{"line":9,"column":15}},"loc":{"start":{"line":9,"column":42},"end":{"line":15,"column":1}},"line":9},"1":{"name":"(anonymous_1)","decl":{"start":{"line":9,"column":42},"end":{"line":9,"column":43}},"loc":{"start":{"line":9,"column":50},"end":{"line":15,"column":1}},"line":9},"2":{"name":"(anonymous_2)","decl":{"start":{"line":9,"column":50},"end":{"line":9,"column":51}},"loc":{"start":{"line":9,"column":60},"end":{"line":15,"column":1}},"line":9},"3":{"name":"render","decl":{"start":{"line":17,"column":9},"end":{"line":17,"column":15}},"loc":{"start":{"line":24,"column":2},"end":{"line":29,"column":1}},"line":24},"4":{"name":"Wrapper","decl":{"start":{"line":25,"column":10},"end":{"line":25,"column":17}},"loc":{"start":{"line":25,"column":32},"end":{"line":27,"column":2}},"line":25},"5":{"name":"(anonymous_5)","decl":{"start":{"line":38,"column":22},"end":{"line":38,"column":23}},"loc":{"start":{"line":38,"column":28},"end":{"line":48,"column":1}},"line":38},"6":{"name":"(anonymous_6)","decl":{"start":{"line":40,"column":20},"end":{"line":40,"column":21}},"loc":{"start":{"line":40,"column":27},"end":{"line":40,"column":29}},"line":40},"7":{"name":"(anonymous_7)","decl":{"start":{"line":45,"column":16},"end":{"line":45,"column":17}},"loc":{"start":{"line":45,"column":26},"end":{"line":45,"column":52}},"line":45}},"branchMap":{"0":{"loc":{"start":{"line":10,"column":1},"end":{"line":12,"column":2}},"type":"if","locations":[{"start":{"line":10,"column":1},"end":{"line":12,"column":2}},{"start":{"line":10,"column":1},"end":{"line":12,"column":2}}],"line":10},"1":{"loc":{"start":{"line":19,"column":1},"end":{"line":23,"column":7}},"type":"default-arg","locations":[{"start":{"line":23,"column":5},"end":{"line":23,"column":7}}],"line":19},"2":{"loc":{"start":{"line":21,"column":2},"end":{"line":21,"column":72}},"type":"default-arg","locations":[{"start":{"line":21,"column":10},"end":{"line":21,"column":72}}],"line":21}},"s":{"0":3,"1":4,"2":4,"3":5,"4":2,"5":3,"6":3,"7":3,"8":3,"9":1,"10":0,"11":1,"12":1,"13":1,"14":1},"f":{"0":4,"1":4,"2":5,"3":3,"4":3,"5":1,"6":0,"7":1},"b":{"0":[2,3],"1":[0],"2":[3]},"_coverageSchema":"1a1c01bbd47fc00a2c39e90264f33305004495a9","hash":"6290039e1fe90a9a165e043d459c35acb8e63605"}
,"C:\\Users\\dylan\\Desktop\\software_professional\\trivia_app\\client\\src\\tests\\data\\triviaList.js": {"path":"C:\\Users\\dylan\\Desktop\\software_professional\\trivia_app\\client\\src\\tests\\data\\triviaList.js","statementMap":{"0":{"start":{"line":1,"column":26},"end":{"line":569,"column":1}}},"fnMap":{},"branchMap":{},"s":{"0":1},"f":{},"b":{},"_coverageSchema":"1a1c01bbd47fc00a2c39e90264f33305004495a9","hash":"bfd79f63e4674813a4139d4e379d76b9fde10a90"}
}
