TN:
SF:src\components\Loading.js
FN:14,Loading
FN:18,(anonymous_1)
FN:19,(anonymous_2)
FN:20,(anonymous_3)
FN:29,(anonymous_4)
FNF:5
FNH:0
FNDA:0,Loading
FNDA:0,(anonymous_1)
FNDA:0,(anonymous_2)
FNDA:0,(anonymous_3)
FNDA:0,(anonymous_4)
DA:5,1
DA:15,0
DA:16,0
DA:18,0
DA:19,0
DA:20,0
DA:21,0
DA:22,0
DA:24,0
DA:25,0
DA:29,0
DA:30,0
DA:34,0
LF:13
LH:1
BRDA:21,0,0,0
BRDA:21,0,1,0
BRF:2
BRH:0
end_of_record
TN:
SF:src\components\Trivia\CreateTrivia.js
FN:18,(anonymous_0)
FN:35,TabPanel
FN:55,a11yProps
FN:62,(anonymous_3)
FN:66,(anonymous_4)
FNF:5
FNH:2
FNDA:1,(anonymous_0)
FNDA:0,TabPanel
FNDA:0,a11yProps
FNDA:1,(anonymous_3)
FNDA:0,(anonymous_4)
DA:18,1
DA:31,1
DA:36,0
DA:38,0
DA:56,0
DA:62,1
DA:63,1
DA:64,1
DA:66,1
DA:67,0
DA:77,1
LF:11
LH:7
BRDA:46,0,0,0
BRDA:46,0,1,0
BRF:2
BRH:0
end_of_record
TN:
SF:src\components\Trivia\ViewTrivias\ViewTrivias.js
FN:89,(anonymous_0)
FN:92,(anonymous_1)
FN:93,(anonymous_2)
FN:110,(anonymous_3)
FN:114,(anonymous_4)
FN:118,(anonymous_5)
FN:123,(anonymous_6)
FN:127,(anonymous_7)
FN:131,(anonymous_8)
FN:135,(anonymous_9)
FN:139,(anonymous_10)
FN:151,(anonymous_11)
FN:182,(anonymous_12)
FN:190,(anonymous_13)
FN:212,(anonymous_14)
FN:225,(anonymous_15)
FN:245,(anonymous_16)
FN:255,(anonymous_17)
FN:292,(anonymous_18)
FN:305,(anonymous_19)
FN:319,(anonymous_20)
FN:333,(anonymous_21)
FN:350,(anonymous_22)
FN:358,(anonymous_23)
FN:401,(anonymous_24)
FNF:25
FNH:11
FNDA:3,(anonymous_0)
FNDA:8,(anonymous_1)
FNDA:8,(anonymous_2)
FNDA:2,(anonymous_3)
FNDA:0,(anonymous_4)
FNDA:0,(anonymous_5)
FNDA:0,(anonymous_6)
FNDA:0,(anonymous_7)
FNDA:0,(anonymous_8)
FNDA:0,(anonymous_9)
FNDA:8,(anonymous_10)
FNDA:2,(anonymous_11)
FNDA:0,(anonymous_12)
FNDA:0,(anonymous_13)
FNDA:0,(anonymous_14)
FNDA:2,(anonymous_15)
FNDA:0,(anonymous_16)
FNDA:0,(anonymous_17)
FNDA:8,(anonymous_18)
FNDA:64,(anonymous_19)
FNDA:0,(anonymous_20)
FNDA:0,(anonymous_21)
FNDA:2,(anonymous_22)
FNDA:8,(anonymous_23)
FNDA:0,(anonymous_24)
DA:49,1
DA:62,1
DA:68,1
DA:74,1
DA:81,1
DA:89,1
DA:90,3
DA:91,2
DA:92,8
DA:93,8
DA:95,2
DA:97,2
DA:98,2
DA:100,2
DA:101,2
DA:103,2
DA:104,2
DA:105,2
DA:107,2
DA:108,2
DA:110,2
DA:111,2
DA:114,2
DA:115,0
DA:118,2
DA:119,0
DA:120,0
DA:123,2
DA:124,0
DA:127,2
DA:128,0
DA:131,2
DA:132,0
DA:135,2
DA:136,0
DA:139,2
DA:140,8
DA:142,8
DA:143,8
DA:144,8
DA:146,8
DA:148,8
DA:151,2
DA:152,2
DA:183,0
DA:191,0
DA:192,0
DA:194,0
DA:213,0
DA:225,2
DA:226,2
DA:245,0
DA:256,0
DA:257,0
DA:261,0
DA:262,0
DA:267,0
DA:268,0
DA:274,0
DA:275,0
DA:279,0
DA:292,2
DA:293,8
DA:294,8
DA:306,64
DA:319,2
DA:320,0
DA:322,0
DA:334,0
DA:350,2
DA:351,2
DA:353,2
DA:355,2
DA:356,2
DA:359,8
DA:402,0
DA:403,0
DA:420,2
LF:78
LH:51
BRDA:172,0,0,0
BRDA:172,0,1,2
BRDA:191,1,0,0
BRDA:191,1,1,0
BRDA:191,2,0,0
BRDA:191,2,1,0
BRDA:199,3,0,2
BRDA:199,3,1,0
BRDA:201,4,0,0
BRDA:201,4,1,0
BRDA:201,5,0,0
BRDA:201,5,1,0
BRDA:206,6,0,0
BRDA:206,6,1,2
BRDA:237,7,0,0
BRDA:237,7,1,2
BRDA:256,8,0,0
BRDA:256,8,1,0
BRDA:261,9,0,0
BRDA:261,9,1,0
BRDA:301,10,0,0
BRDA:301,10,1,8
BRDA:329,11,0,0
BRDA:329,11,1,0
BRF:24
BRH:5
end_of_record
TN:
SF:src\reducers\triviaReducer.js
FN:53,triviaReducer
FNF:1
FNH:1
FNDA:11,triviaReducer
DA:54,11
DA:56,11
DA:58,0
DA:60,0
DA:62,11
LF:5
LH:3
BRDA:53,0,0,7
BRDA:56,1,0,0
BRDA:56,1,1,0
BRDA:56,1,2,11
BRF:4
BRH:2
end_of_record
TN:
SF:src\tests\test.utils.js
FN:9,(anonymous_0)
FN:9,(anonymous_1)
FN:9,(anonymous_2)
FN:17,render
FN:25,Wrapper
FN:38,(anonymous_5)
FN:40,(anonymous_6)
FN:45,(anonymous_7)
FNF:8
FNH:7
FNDA:4,(anonymous_0)
FNDA:4,(anonymous_1)
FNDA:5,(anonymous_2)
FNDA:3,render
FNDA:3,Wrapper
FNDA:1,(anonymous_5)
FNDA:0,(anonymous_6)
FNDA:1,(anonymous_7)
DA:9,4
DA:10,5
DA:11,2
DA:14,3
DA:26,3
DA:28,3
DA:38,3
DA:39,1
DA:40,0
DA:43,1
DA:45,1
DA:47,1
LF:12
LH:11
BRDA:10,0,0,2
BRDA:10,0,1,3
BRDA:19,1,0,0
BRDA:21,2,0,3
BRF:4
BRH:3
end_of_record
TN:
SF:src\tests\data\triviaList.js
FNF:0
FNH:0
DA:1,1
LF:1
LH:1
BRF:0
BRH:0
end_of_record
